#
# A fatal error has been detected by the Java Runtime Environment:
#
#  EXCEPTION_ACCESS_VIOLATION (0xc0000005) at pc=0x00007ff9e9347012, pid=9136, tid=5708
#
# JRE version: Java(TM) SE Runtime Environment (8.0_91-b14) (build 1.8.0_91-b14)
# Java VM: Java HotSpot(TM) 64-Bit Server VM (25.91-b14 mixed mode windows-amd64 compressed oops)
# Problematic frame:
# C  [ig75icd64.dll+0x17012]
#
# Failed to write core dump. Minidumps are not enabled by default on client versions of Windows
#
# If you would like to submit a bug report, please visit:
#   http://bugreport.java.com/bugreport/crash.jsp
# The crash happened outside the Java Virtual Machine in native code.
# See problematic frame for where to report the bug.
#

---------------  T H R E A D  ---------------

Current thread (0x000000001c9ed800):  JavaThread "AWT-EventQueue-0" [_thread_in_native, id=5708, stack(0x000000001dd00000,0x000000001de00000)]

siginfo: ExceptionCode=0xc0000005, reading address 0x00000001620de070

Registers:
RAX=0x0000000000000000, RBX=0x00000000005b01f8, RCX=0x00000000620de080, RDX=0x00000001620de070
RSP=0x000000001ddfc900, RBP=0x0000000000000010, RSI=0x00000000ffffffff, RDI=0x0000000000010000
R8 =0x0000000000000010, R9 =0x0000000000000000, R10=0x0000000000000000, R11=0x0000000000000001
R12=0x00000000ffffffff, R13=0x0000000000000000, R14=0x00000000005901c0, R15=0x00000000005b13b8
RIP=0x00007ff9e9347012, EFLAGS=0x0000000000010202

Top of Stack: (sp=0x000000001ddfc900)
0x000000001ddfc900:   0000000000000000 0000000000000000
0x000000001ddfc910:   0000000000525e60 0000000000000000
0x000000001ddfc920:   0000000000000000 0000000000000000
0x000000001ddfc930:   0000000000000000 0000000000000000
0x000000001ddfc940:   0000000000000000 00007ff9e940ff45
0x000000001ddfc950:   0000000000000000 0000000000000000
0x000000001ddfc960:   0000000000000000 0000000000000000
0x000000001ddfc970:   00000000ffffffff 000000001ddfc970
0x000000001ddfc980:   0000000000000003 000000000054fb48
0x000000001ddfc990:   0000000000000001 0000000062073ca0
0x000000001ddfc9a0:   000000001ddfcc50 000000001c9ed800
0x000000001ddfc9b0:   000000001ddfcc50 000000001947ef08
0x000000001ddfc9c0:   0000000000000000 0000000000000000
0x000000001ddfc9d0:   0000000011010a1c 0000000011010a1c
0x000000001ddfc9e0:   00000000005901c0 00007ff9e94d9c6e
0x000000001ddfc9f0:   00000000ffffffff 0000000000000000 

Instructions: (pc=0x00007ff9e9347012)
0x00007ff9e9346ff2:   00 45 33 c9 49 81 f8 80 00 00 00 73 34 4d 8b d8
0x00007ff9e9347002:   45 8b d1 49 c1 eb 04 4d 85 db 0f 84 24 02 00 00
0x00007ff9e9347012:   f3 0f 6f 02 41 ff c2 48 83 c1 10 41 8b c2 48 83
0x00007ff9e9347022:   c2 10 f3 0f 7f 41 f0 49 3b c3 72 e4 e9 03 02 00 


Register to memory mapping:

RAX=0x0000000000000000 is an unknown value
RBX=0x00000000005b01f8 is an unknown value
RCX=0x00000000620de080 is an unknown value
RDX=0x00000001620de070 is an unknown value
RSP=0x000000001ddfc900 is pointing into the stack for thread: 0x000000001c9ed800
RBP=0x0000000000000010 is an unknown value
RSI=0x00000000ffffffff is an unknown value
RDI=0x0000000000010000 is an unknown value
R8 =0x0000000000000010 is an unknown value
R9 =0x0000000000000000 is an unknown value
R10=0x0000000000000000 is an unknown value
R11=0x0000000000000001 is an unknown value
R12=0x00000000ffffffff is an unknown value
R13=0x0000000000000000 is an unknown value
R14=0x00000000005901c0 is an unknown value
R15=0x00000000005b13b8 is an unknown value


Stack: [0x000000001dd00000,0x000000001de00000],  sp=0x000000001ddfc900,  free space=1010k
Native frames: (J=compiled Java code, j=interpreted, Vv=VM code, C=native code)
C  [ig75icd64.dll+0x17012]
C  [ig75icd64.dll+0xdff45]
C  [ig75icd64.dll+0x1a9c6e]
C  [ig75icd64.dll+0xf5a95]
C  [ig75icd64.dll+0x5068dd]
C  [OpenGL32.dll+0x3cd7e]
C  [GDI32.dll+0x8bcfb]
C  [nativewindow_win32.dll+0x2b6d]
C  0x0000000002447f54

Java frames: (J=compiled Java code, j=interpreted, Vv=VM code)
j  jogamp.nativewindow.windows.GDI.SwapBuffers(J)Z+0
j  jogamp.opengl.windows.wgl.WGLUtil.SwapBuffers(J)Z+12
j  jogamp.opengl.windows.wgl.WindowsWGLDrawable.swapBuffersImpl(Z)V+23
j  jogamp.opengl.GLDrawableImpl.swapBuffers()V+67
j  jogamp.opengl.GLDrawableHelper.invokeGLImpl(Lcom/jogamp/opengl/GLDrawable;Lcom/jogamp/opengl/GLContext;Ljava/lang/Runnable;Ljava/lang/Runnable;)V+216
j  jogamp.opengl.GLDrawableHelper.invokeGL(Lcom/jogamp/opengl/GLDrawable;Lcom/jogamp/opengl/GLContext;Ljava/lang/Runnable;Ljava/lang/Runnable;)V+72
j  com.jogamp.opengl.awt.GLCanvas$12.run()V+104
j  com.jogamp.opengl.Threading.invoke(ZLjava/lang/Runnable;Ljava/lang/Object;)V+27
j  com.jogamp.opengl.awt.GLCanvas.display()V+64
j  com.jogamp.opengl.awt.GLCanvas.paint(Ljava/awt/Graphics;)V+137
j  sun.awt.RepaintArea.paintComponent(Ljava/awt/Component;Ljava/awt/Graphics;)V+6
j  sun.awt.RepaintArea.paint(Ljava/lang/Object;Z)V+326
j  sun.awt.windows.WComponentPeer.handleEvent(Ljava/awt/AWTEvent;)V+155
j  java.awt.Component.dispatchEventImpl(Ljava/awt/AWTEvent;)V+877
j  java.awt.Component.dispatchEvent(Ljava/awt/AWTEvent;)V+2
j  java.awt.EventQueue.dispatchEventImpl(Ljava/awt/AWTEvent;Ljava/lang/Object;)V+41
j  java.awt.EventQueue.access$500(Ljava/awt/EventQueue;Ljava/awt/AWTEvent;Ljava/lang/Object;)V+3
j  java.awt.EventQueue$3.run()Ljava/lang/Void;+32
j  java.awt.EventQueue$3.run()Ljava/lang/Object;+1
v  ~StubRoutines::call_stub
j  java.security.AccessController.doPrivileged(Ljava/security/PrivilegedAction;Ljava/security/AccessControlContext;)Ljava/lang/Object;+0
j  java.security.ProtectionDomain$JavaSecurityAccessImpl.doIntersectionPrivilege(Ljava/security/PrivilegedAction;Ljava/security/AccessControlContext;Ljava/security/AccessControlContext;)Ljava/lang/Object;+18
j  java.security.ProtectionDomain$JavaSecurityAccessImpl.doIntersectionPrivilege(Ljava/security/PrivilegedAction;Ljava/security/AccessControlContext;)Ljava/lang/Object;+6
j  java.awt.EventQueue$4.run()Ljava/lang/Void;+11
j  java.awt.EventQueue$4.run()Ljava/lang/Object;+1
v  ~StubRoutines::call_stub
j  java.security.AccessController.doPrivileged(Ljava/security/PrivilegedAction;Ljava/security/AccessControlContext;)Ljava/lang/Object;+0
j  java.security.ProtectionDomain$JavaSecurityAccessImpl.doIntersectionPrivilege(Ljava/security/PrivilegedAction;Ljava/security/AccessControlContext;Ljava/security/AccessControlContext;)Ljava/lang/Object;+18
j  java.awt.EventQueue.dispatchEvent(Ljava/awt/AWTEvent;)V+73
j  java.awt.EventDispatchThread.pumpOneEventForFilters(I)V+245
j  java.awt.EventDispatchThread.pumpEventsForFilter(ILjava/awt/Conditional;Ljava/awt/EventFilter;)V+35
j  java.awt.EventDispatchThread.pumpEventsForHierarchy(ILjava/awt/Conditional;Ljava/awt/Component;)V+11
j  java.awt.EventDispatchThread.pumpEvents(ILjava/awt/Conditional;)V+4
j  java.awt.EventDispatchThread.pumpEvents(Ljava/awt/Conditional;)V+3
j  java.awt.EventDispatchThread.run()V+9
v  ~StubRoutines::call_stub

---------------  P R O C E S S  ---------------

Java Threads: ( => current thread )
  0x0000000002330800 JavaThread "DestroyJavaVM" [_thread_blocked, id=3784, stack(0x0000000002230000,0x0000000002330000)]
  0x000000001c9f5800 JavaThread "main-SharedResourceRunner" daemon [_thread_blocked, id=7312, stack(0x000000001e200000,0x000000001e300000)]
=>0x000000001c9ed800 JavaThread "AWT-EventQueue-0" [_thread_in_native, id=5708, stack(0x000000001dd00000,0x000000001de00000)]
  0x000000001c9d6800 JavaThread "AWT-Windows" daemon [_thread_in_native, id=11928, stack(0x000000001d1b0000,0x000000001d2b0000)]
  0x000000001c9d6000 JavaThread "AWT-Shutdown" [_thread_blocked, id=12320, stack(0x000000001d0b0000,0x000000001d1b0000)]
  0x000000001c9d5800 JavaThread "Java2D Disposer" daemon [_thread_blocked, id=14072, stack(0x000000001cfb0000,0x000000001d0b0000)]
  0x000000001b688000 JavaThread "Service Thread" daemon [_thread_blocked, id=13448, stack(0x000000001c190000,0x000000001c290000)]
  0x000000001b5ea800 JavaThread "C1 CompilerThread3" daemon [_thread_blocked, id=13360, stack(0x000000001c090000,0x000000001c190000)]
  0x000000001b5e3800 JavaThread "C2 CompilerThread2" daemon [_thread_blocked, id=5820, stack(0x000000001bf90000,0x000000001c090000)]
  0x000000001b5de800 JavaThread "C2 CompilerThread1" daemon [_thread_blocked, id=3620, stack(0x000000001be90000,0x000000001bf90000)]
  0x000000001b5dc800 JavaThread "C2 CompilerThread0" daemon [_thread_blocked, id=10628, stack(0x000000001bd90000,0x000000001be90000)]
  0x000000001b5d7000 JavaThread "Attach Listener" daemon [_thread_blocked, id=11644, stack(0x000000001bc90000,0x000000001bd90000)]
  0x000000001b5d6000 JavaThread "Signal Dispatcher" daemon [_thread_blocked, id=388, stack(0x000000001bb90000,0x000000001bc90000)]
  0x0000000002428800 JavaThread "Finalizer" daemon [_thread_blocked, id=11844, stack(0x000000001b9b0000,0x000000001bab0000)]
  0x00000000196ed000 JavaThread "Reference Handler" daemon [_thread_blocked, id=4896, stack(0x000000001b4b0000,0x000000001b5b0000)]

Other Threads:
  0x00000000196e8800 VMThread [stack: 0x000000001b3b0000,0x000000001b4b0000] [id=11636]
  0x000000001b6a1000 WatcherThread [stack: 0x000000001c290000,0x000000001c390000] [id=13440]

VM state:not at safepoint (normal execution)

VM Mutex/Monitor currently owned by a thread: None

Heap:
 PSYoungGen      total 56320K, used 48256K [0x0000000781c00000, 0x0000000785a80000, 0x00000007c0000000)
  eden space 48640K, 99% used [0x0000000781c00000,0x0000000784b201b8,0x0000000784b80000)
  from space 7680K, 0% used [0x0000000785300000,0x0000000785300000,0x0000000785a80000)
  to   space 7680K, 0% used [0x0000000784b80000,0x0000000784b80000,0x0000000785300000)
 ParOldGen       total 128512K, used 0K [0x0000000705400000, 0x000000070d180000, 0x0000000781c00000)
  object space 128512K, 0% used [0x0000000705400000,0x0000000705400000,0x000000070d180000)
 Metaspace       used 14905K, capacity 15098K, committed 15232K, reserved 1062912K
  class space    used 1551K, capacity 1641K, committed 1664K, reserved 1048576K

Card table byte_map: [0x00000000117f0000,0x0000000011dd0000] byte_map_base: 0x000000000dfc6000

Marking Bits: (ParMarkBitMap*) 0x0000000061fc2f70
 Begin Bits: [0x00000000129c0000, 0x0000000015870000)
 End Bits:   [0x0000000015870000, 0x0000000018720000)

Polling page: 0x0000000000aa0000

CodeCache: size=245760Kb used=2828Kb max_used=2836Kb free=242931Kb
 bounds [0x0000000002430000, 0x0000000002700000, 0x0000000011430000]
 total_blobs=1466 nmethods=668 adapters=711
 compilation: enabled

Compilation events (10 events):
Event: 1.094 Thread 0x000000001b5ea800  663       3       java.awt.Component::checkTreeLock (21 bytes)
Event: 1.094 Thread 0x000000001b5ea800 nmethod 663 0x00000000026f0890 code [0x00000000026f0a20, 0x00000000026f0d78]
Event: 1.094 Thread 0x000000001b5ea800  665       1       java.awt.AWTEvent::getID (5 bytes)
Event: 1.094 Thread 0x000000001b5ea800 nmethod 665 0x00000000026f05d0 code [0x00000000026f0720, 0x00000000026f0830]
Event: 1.097 Thread 0x000000001b5dc800  666       4       java.io.WinNTFileSystem::normalize (143 bytes)
Event: 1.098 Thread 0x000000001b5ea800  667       3       java.lang.ClassLoader::checkPackageAccess (122 bytes)
Event: 1.098 Thread 0x000000001b5ea800 nmethod 667 0x00000000026f2650 code [0x00000000026f2880, 0x00000000026f3468]
Event: 1.101 Thread 0x000000001b5dc800 nmethod 666 0x00000000026efbd0 code [0x00000000026efd40, 0x00000000026f00c8]
Event: 1.106 Thread 0x000000001b5ea800  668   !   3       java.lang.ClassLoader::findNative (86 bytes)
Event: 1.106 Thread 0x000000001b5ea800 nmethod 668 0x00000000026f5b90 code [0x00000000026f5d40, 0x00000000026f6618]

GC Heap History (0 events):
No events

Deoptimization events (4 events):
Event: 0.646 Thread 0x0000000002330800 Uncommon trap: reason=unstable_if action=reinterpret pc=0x000000000256ec70 method=java.lang.String.startsWith(Ljava/lang/String;I)Z @ 25
Event: 1.002 Thread 0x000000001c9ed800 Uncommon trap: reason=unstable_if action=reinterpret pc=0x00000000026aec94 method=java.util.HashMap.containsKey(Ljava/lang/Object;)Z @ 9
Event: 1.017 Thread 0x000000001c9ed800 Uncommon trap: reason=unstable_if action=reinterpret pc=0x00000000026bf074 method=java.lang.reflect.AccessibleObject.setAccessible0(Ljava/lang/reflect/AccessibleObject;Z)V @ 4
Event: 1.038 Thread 0x000000001c9d6800 Uncommon trap: reason=unstable_if action=reinterpret pc=0x000000000257c5c0 method=java.lang.CharacterData.of(I)Ljava/lang/CharacterData; @ 4

Internal exceptions (10 events):
Event: 0.023 Thread 0x0000000002330800 Exception <a 'java/lang/NoSuchMethodError': Method sun.misc.Unsafe.prefetchRead(Ljava/lang/Object;J)V name or signature does not match> (0x0000000781c07fa8) thrown at [C:\re\workspace\8-2-build-windows-amd64-cygwin\jdk8u91\6644\hotspot\src\share\vm\prims\j¾ÞpøúŸ¿?
Event: 0.124 Thread 0x0000000002330800 Exception <a 'java/security/PrivilegedActionException'> (0x0000000781f4a788) thrown at [C:\re\workspace\8-2-build-windows-amd64-cygwin\jdk8u91\6644\hotspot\src\share\vm\prims\jvm.cpp, line 1386]
Event: 0.124 Thread 0x0000000002330800 Exception <a 'java/security/PrivilegedActionException'> (0x0000000781f4a998) thrown at [C:\re\workspace\8-2-build-windows-amd64-cygwin\jdk8u91\6644\hotspot\src\share\vm\prims\jvm.cpp, line 1386]
Event: 0.124 Thread 0x0000000002330800 Exception <a 'java/security/PrivilegedActionException'> (0x0000000781f4e540) thrown at [C:\re\workspace\8-2-build-windows-amd64-cygwin\jdk8u91\6644\hotspot\src\share\vm\prims\jvm.cpp, line 1386]
Event: 0.124 Thread 0x0000000002330800 Exception <a 'java/security/PrivilegedActionException'> (0x0000000781f4e750) thrown at [C:\re\workspace\8-2-build-windows-amd64-cygwin\jdk8u91\6644\hotspot\src\share\vm\prims\jvm.cpp, line 1386]
Event: 0.272 Thread 0x0000000002330800 Exception <a 'java/lang/NoSuchFieldError': method resolution failed> (0x000000078221eb38) thrown at [C:\re\workspace\8-2-build-windows-amd64-cygwin\jdk8u91\6644\hotspot\src\share\vm\prims\methodHandles.cpp, line 1146]
Event: 0.274 Thread 0x0000000002330800 Exception <a 'java/lang/NoSuchFieldError': method resolution failed> (0x000000078222c2d8) thrown at [C:\re\workspace\8-2-build-windows-amd64-cygwin\jdk8u91\6644\hotspot\src\share\vm\prims\methodHandles.cpp, line 1146]
Event: 0.427 Thread 0x0000000002330800 Exception <a 'java/io/FileNotFoundException'> (0x00000007823ded68) thrown at [C:\re\workspace\8-2-build-windows-amd64-cygwin\jdk8u91\6644\hotspot\src\share\vm\prims\jni.cpp, line 709]
Event: 0.464 Thread 0x0000000002330800 Exception <a 'java/io/FileNotFoundException'> (0x000000078241f5b8) thrown at [C:\re\workspace\8-2-build-windows-amd64-cygwin\jdk8u91\6644\hotspot\src\share\vm\prims\jni.cpp, line 709]
Event: 1.063 Thread 0x000000001c9ed800 Exception <a 'java/lang/reflect/InvocationTargetException'> (0x00000007848adc58) thrown at [C:\re\workspace\8-2-build-windows-amd64-cygwin\jdk8u91\6644\hotspot\src\share\vm\runtime\reflection.cpp, line 1092]

Events (10 events):
Event: 1.097 loading class jogamp/opengl/ThreadingImpl$1
Event: 1.097 loading class jogamp/opengl/ThreadingImpl$1 done
Event: 1.098 loading class com/jogamp/opengl/Threading$Mode
Event: 1.098 loading class com/jogamp/opengl/Threading$Mode done
Event: 1.098 loading class jogamp/opengl/awt/AWTThreadingPlugin
Event: 1.098 loading class jogamp/opengl/awt/AWTThreadingPlugin done
Event: 1.098 loading class jogamp/opengl/ToolkitThreadingPlugin
Event: 1.098 loading class jogamp/opengl/ToolkitThreadingPlugin done
Event: 1.098 loading class jogamp/opengl/awt/AWTThreadingPlugin$1
Event: 1.098 loading class jogamp/opengl/awt/AWTThreadingPlugin$1 done


Dynamic libraries:
0x00007ff670a40000 - 0x00007ff670a77000 	D:\Program Files\Java\jre1.8.0_91\bin\javaw.exe
0x00007ffa19440000 - 0x00007ffa19601000 	C:\WINDOWS\SYSTEM32\ntdll.dll
0x00007ffa18b80000 - 0x00007ffa18c2d000 	C:\WINDOWS\system32\KERNEL32.DLL
0x00007ffa16420000 - 0x00007ffa16608000 	C:\WINDOWS\system32\KERNELBASE.dll
0x00007ffa19110000 - 0x00007ffa191b7000 	C:\WINDOWS\system32\ADVAPI32.dll
0x00007ffa16e40000 - 0x00007ffa16edd000 	C:\WINDOWS\system32\msvcrt.dll
0x00007ffa168a0000 - 0x00007ffa168fb000 	C:\WINDOWS\system32\sechost.dll
0x00007ffa16cb0000 - 0x00007ffa16dcc000 	C:\WINDOWS\system32\RPCRT4.dll
0x00007ffa170e0000 - 0x00007ffa17236000 	C:\WINDOWS\system32\USER32.dll
0x00007ffa17240000 - 0x00007ffa173c6000 	C:\WINDOWS\system32\GDI32.dll
0x00007ffa10f60000 - 0x00007ffa111d4000 	C:\WINDOWS\WinSxS\amd64_microsoft.windows.common-controls_6595b64144ccf1df_6.0.10586.0_none_8c15ae12515e1c22\COMCTL32.dll
0x00007ffa191c0000 - 0x00007ffa1943d000 	C:\WINDOWS\system32\combase.dll
0x00007ffa166c0000 - 0x00007ffa1672a000 	C:\WINDOWS\system32\bcryptPrimitives.dll
0x00007ffa170a0000 - 0x00007ffa170db000 	C:\WINDOWS\system32\IMM32.DLL
0x00007ffa15950000 - 0x00007ffa15981000 	C:\Windows\system32\nvinitx.dll
0x00007ffa15940000 - 0x00007ffa1594a000 	C:\WINDOWS\SYSTEM32\VERSION.dll
0x0000000061600000 - 0x00000000616d2000 	D:\Program Files\Java\jre1.8.0_91\bin\msvcr100.dll
0x00000000617b0000 - 0x0000000062043000 	D:\Program Files\Java\jre1.8.0_91\bin\server\jvm.dll
0x00007ffa16960000 - 0x00007ffa16968000 	C:\WINDOWS\system32\PSAPI.DLL
0x00007ffa09e80000 - 0x00007ffa09e89000 	C:\WINDOWS\SYSTEM32\WSOCK32.dll
0x00007ffa13360000 - 0x00007ffa13383000 	C:\WINDOWS\SYSTEM32\WINMM.dll
0x00007ffa16dd0000 - 0x00007ffa16e3b000 	C:\WINDOWS\system32\WS2_32.dll
0x00000000020a0000 - 0x00000000020cc000 	C:\WINDOWS\SYSTEM32\WINMMBASE.dll
0x00007ffa167f0000 - 0x00007ffa16833000 	C:\WINDOWS\system32\cfgmgr32.dll
0x00000000617a0000 - 0x00000000617af000 	D:\Program Files\Java\jre1.8.0_91\bin\verify.dll
0x0000000061770000 - 0x0000000061799000 	D:\Program Files\Java\jre1.8.0_91\bin\java.dll
0x0000000061750000 - 0x0000000061766000 	D:\Program Files\Java\jre1.8.0_91\bin\zip.dll
0x00007ffa174b0000 - 0x00007ffa18a0c000 	C:\WINDOWS\system32\SHELL32.dll
0x00007ffa15b80000 - 0x00007ffa161c4000 	C:\WINDOWS\system32\windows.storage.dll
0x00007ffa18b20000 - 0x00007ffa18b72000 	C:\WINDOWS\system32\shlwapi.dll
0x00007ffa15ad0000 - 0x00007ffa15adf000 	C:\WINDOWS\system32\kernel.appcore.dll
0x00007ffa16730000 - 0x00007ffa167e5000 	C:\WINDOWS\system32\shcore.dll
0x00007ffa15a60000 - 0x00007ffa15aab000 	C:\WINDOWS\system32\powrprof.dll
0x00007ffa15ab0000 - 0x00007ffa15ac4000 	C:\WINDOWS\system32\profapi.dll
0x00007ffa15080000 - 0x00007ffa15097000 	C:\WINDOWS\SYSTEM32\CRYPTSP.dll
0x00007ffa14d10000 - 0x00007ffa14d44000 	C:\WINDOWS\system32\rsaenh.dll
0x00007ffa15990000 - 0x00007ffa159b9000 	C:\WINDOWS\SYSTEM32\bcrypt.dll
0x00007ffa14e60000 - 0x00007ffa14e7f000 	C:\WINDOWS\SYSTEM32\USERENV.dll
0x00007ffa151a0000 - 0x00007ffa151ab000 	C:\WINDOWS\SYSTEM32\CRYPTBASE.dll
0x0000000061730000 - 0x000000006174a000 	D:\Program Files\Java\jre1.8.0_91\bin\net.dll
0x00007ffa14fd0000 - 0x00007ffa1502c000 	C:\WINDOWS\system32\mswsock.dll
0x00007ffa0f620000 - 0x00007ffa0f658000 	C:\WINDOWS\SYSTEM32\IPHLPAPI.DLL
0x00007ffa173d0000 - 0x00007ffa173d8000 	C:\WINDOWS\system32\NSI.dll
0x00007ffa0c360000 - 0x00007ffa0c376000 	C:\WINDOWS\SYSTEM32\dhcpcsvc6.DLL
0x00007ffa0c380000 - 0x00007ffa0c39a000 	C:\WINDOWS\SYSTEM32\dhcpcsvc.DLL
0x0000000061710000 - 0x0000000061721000 	D:\Program Files\Java\jre1.8.0_91\bin\nio.dll
0x00007ffa138d0000 - 0x00007ffa13949000 	C:\WINDOWS\system32\apphelp.dll
0x00000000637c0000 - 0x00000000637cd000 	C:\Users\Viran\AppData\Local\Temp\jogamp_0000\file_cache\jln4600280338198523249\jln6635792961861175964\natives\windows-amd64\gluegen-rt.dll
0x0000000061460000 - 0x00000000615f8000 	D:\Program Files\Java\jre1.8.0_91\bin\awt.dll
0x00007ffa173e0000 - 0x00007ffa174a1000 	C:\WINDOWS\system32\OLEAUT32.dll
0x00007ffa13b10000 - 0x00007ffa13ba6000 	C:\WINDOWS\system32\uxtheme.dll
0x00007ffa16b50000 - 0x00007ffa16caa000 	C:\WINDOWS\system32\MSCTF.dll
0x00007ffa12fb0000 - 0x00007ffa12fd2000 	C:\WINDOWS\system32\dwmapi.dll
0x00007ffa16ee0000 - 0x00007ffa17023000 	C:\WINDOWS\system32\ole32.dll
0x00007ff9fd9f0000 - 0x00007ff9fdc1f000 	C:\Program Files\Acer\Acer Power Management\SysHook.dll
0x00007ffa18a10000 - 0x00007ffa18b1b000 	C:\WINDOWS\system32\COMDLG32.dll
0x00007ffa15af0000 - 0x00007ffa15b76000 	C:\WINDOWS\system32\FirewallAPI.dll
0x00007ffa11f90000 - 0x00007ffa11f97000 	C:\WINDOWS\SYSTEM32\MSIMG32.dll
0x00007ffa16400000 - 0x00007ffa16417000 	C:\WINDOWS\system32\NETAPI32.dll
0x00007ffa10930000 - 0x00007ffa109b4000 	C:\WINDOWS\SYSTEM32\WINSPOOL.DRV
0x00007ffa10890000 - 0x00007ffa108fa000 	C:\WINDOWS\SYSTEM32\OLEACC.dll
0x00007ffa10df0000 - 0x00007ffa10dfc000 	C:\WINDOWS\SYSTEM32\DAVHLPR.DLL
0x00007ffa10ae0000 - 0x00007ffa10c88000 	C:\WINDOWS\WinSxS\amd64_microsoft.windows.gdiplus_6595b64144ccf1df_1.1.10586.20_none_db007f1392e69ef4\gdiplus.dll
0x00007ffa13e30000 - 0x00007ffa13e62000 	C:\WINDOWS\system32\fwbase.dll
0x0000000061450000 - 0x0000000061457000 	D:\Program Files\Java\jre1.8.0_91\bin\jawt.dll
0x000000006a440000 - 0x000000006a44d000 	C:\Users\Viran\AppData\Local\Temp\jogamp_0000\file_cache\jln4600280338198523249\jln6635792961861175964\natives\windows-amd64\nativewindow_awt.dll
0x000000006c100000 - 0x000000006c10f000 	C:\Users\Viran\AppData\Local\Temp\jogamp_0000\file_cache\jln4600280338198523249\jln6635792961861175964\natives\windows-amd64\nativewindow_win32.dll
0x00007ff9ff2f0000 - 0x00007ff9ff419000 	C:\WINDOWS\SYSTEM32\OpenGL32.dll
0x00007ff9ff150000 - 0x00007ff9ff24a000 	C:\WINDOWS\SYSTEM32\DDRAW.dll
0x00007ff9ff2c0000 - 0x00007ff9ff2ee000 	C:\WINDOWS\SYSTEM32\GLU32.dll
0x00007ff9ff140000 - 0x00007ff9ff148000 	C:\WINDOWS\SYSTEM32\DCIMAN32.dll
0x0000000064500000 - 0x00000000645b1000 	C:\Users\Viran\AppData\Local\Temp\jogamp_0000\file_cache\jln4600280338198523249\jln6635792961861175964\natives\windows-amd64\jogl_desktop.dll
0x0000000064340000 - 0x00000000643a2000 	C:\Users\Viran\AppData\Local\Temp\jogamp_0000\file_cache\jln4600280338198523249\jln6635792961861175964\natives\windows-amd64\jogl_mobile.dll
0x00007ff9e9330000 - 0x00007ff9e9df0000 	C:\WINDOWS\SYSTEM32\ig75icd64.dll
0x00007ffa0e8a0000 - 0x00007ffa0f292000 	C:\WINDOWS\SYSTEM32\igdusc64.dll
0x00007ffa13250000 - 0x00007ffa13263000 	C:\WINDOWS\SYSTEM32\WTSAPI32.dll
0x0000000061400000 - 0x0000000061447000 	D:\Program Files\Java\jre1.8.0_91\bin\fontmanager.dll
0x00007ff9fe180000 - 0x00007ff9fe30c000 	C:\WINDOWS\SYSTEM32\dbghelp.dll

VM Arguments:
jvm_args: -Djava.library.path=D:\Programi\6.semestar\InterRacGrafika\jogl\JOGL;D:\Programi\6.semestar\InterRacGrafika\jogl\JOGL -Dfile.encoding=Cp1252 
java_command: hr.fer.zemris.irg.lab8.Zadatak8
java_class_path (initial): D:\Programi\6.semestar\InterRacGrafika\Eclipse\IRGLab2\bin;D:\Programi\6.semestar\InterRacGrafika\jogl\JOGL\gluegen-rt.jar;D:\Programi\6.semestar\InterRacGrafika\jogl\JOGL\jogl-all.jar;D:\Programi\6.semestar\InterRacGrafika\Eclipse\IRGLab1\bin;D:\Programi\6.semestar\InterRacGrafika\Eclipse\IRGLab1\lib\gluegen-rt.jar;D:\Programi\6.semestar\InterRacGrafika\Eclipse\IRGLab1\lib\gluegen-rt-natives-windows-amd64.jar;D:\Programi\6.semestar\InterRacGrafika\Eclipse\IRGLab1\lib\jogl-all.jar;D:\Programi\6.semestar\InterRacGrafika\Eclipse\IRGLab1\lib\jogl-all-natives-windows-amd64.jar
Launcher Type: SUN_STANDARD

Environment Variables:
PATH=D:/Program Files/Java/jre1.8.0_91/bin/server;D:/Program Files/Java/jre1.8.0_91/bin;D:/Program Files/Java/jre1.8.0_91/lib/amd64;C:\ProgramData\Oracle\Java\javapath;C:\Program Files (x86)\NVIDIA Corporation\PhysX\Common;C:\Program Files (x86)\Intel\iCLS Client\;C:\Program Files\Intel\iCLS Client\;C:\WINDOWS\system32;C:\WINDOWS;C:\WINDOWS\System32\Wbem;C:\WINDOWS\System32\WindowsPowerShell\v1.0\;C:\Program Files (x86)\Intel\OpenCL SDK\3.0\bin\x86;C:\Program Files (x86)\Intel\OpenCL SDK\3.0\bin\x64;C:\Program Files\Intel\Intel(R) Management Engine Components\DAL;C:\Program Files\Intel\Intel(R) Management Engine Components\IPT;C:\Program Files (x86)\Intel\Intel(R) Management Engine Components\DAL;C:\Program Files (x86)\Intel\Intel(R) Management Engine Components\IPT;C:\Program Files (x86)\Skype\Phone\;C:\Users\Viran\Desktop;
USERNAME=Viran
OS=Windows_NT
PROCESSOR_IDENTIFIER=Intel64 Family 6 Model 60 Stepping 3, GenuineIntel



---------------  S Y S T E M  ---------------

OS: Windows 10.0 , 64 bit Build 10586 (10.0.10586.0)

CPU:total 8 (4 cores per cpu, 2 threads per core) family 6 model 60 stepping 3, cmov, cx8, fxsr, mmx, sse, sse2, sse3, ssse3, sse4.1, sse4.2, popcnt, avx, avx2, aes, clmul, erms, lzcnt, ht, tsc, tscinvbit, bmi1, bmi2

Memory: 4k page, physical 12230940k(5672292k free), swap 16949532k(6307860k free)

vm_info: Java HotSpot(TM) 64-Bit Server VM (25.91-b14) for windows-amd64 JRE (1.8.0_91-b14), built on Apr  1 2016 00:58:32 by "java_re" with MS VC++ 10.0 (VS2010)

time: Fri May 20 15:23:58 2016
elapsed time: 1 seconds (0d 0h 0m 1s)

